{"/mnt/d/Workspace/NodeJS/Blog/blog-site/back-end/src/index.js": {"path":"/mnt/d/Workspace/NodeJS/Blog/blog-site/back-end/src/index.js","statementMap":{"0":{"start":{"line":1,"column":0},"end":{"line":1,"column":27}},"1":{"start":{"line":2,"column":16},"end":{"line":2,"column":34}},"2":{"start":{"line":3,"column":12},"end":{"line":3,"column":21}},"3":{"start":{"line":4,"column":19},"end":{"line":4,"column":41}},"4":{"start":{"line":5,"column":0},"end":{"line":5,"column":24}},"5":{"start":{"line":6,"column":0},"end":{"line":6,"column":52}},"6":{"start":{"line":8,"column":14},"end":{"line":8,"column":39}},"7":{"start":{"line":9,"column":0},"end":{"line":9,"column":11}},"8":{"start":{"line":11,"column":13},"end":{"line":11,"column":37}},"9":{"start":{"line":12,"column":0},"end":{"line":14,"column":3}},"10":{"start":{"line":13,"column":2},"end":{"line":13,"column":45}},"11":{"start":{"line":16,"column":0},"end":{"line":16,"column":21}}},"fnMap":{"0":{"name":"(anonymous_0)","decl":{"start":{"line":12,"column":17},"end":{"line":12,"column":18}},"loc":{"start":{"line":12,"column":23},"end":{"line":14,"column":1}},"line":12}},"branchMap":{"0":{"loc":{"start":{"line":11,"column":13},"end":{"line":11,"column":37}},"type":"binary-expr","locations":[{"start":{"line":11,"column":13},"end":{"line":11,"column":29}},{"start":{"line":11,"column":33},"end":{"line":11,"column":37}}],"line":11}},"s":{"0":1,"1":1,"2":1,"3":1,"4":1,"5":1,"6":1,"7":1,"8":1,"9":1,"10":1,"11":1},"f":{"0":1},"b":{"0":[1,0]},"_coverageSchema":"1a1c01bbd47fc00a2c39e90264f33305004495a9","hash":"390ec6259c9d938c7e609cdf1a93c0c838a44051"}
,"/mnt/d/Workspace/NodeJS/Blog/blog-site/back-end/src/app/controller/user_controller.js": {"path":"/mnt/d/Workspace/NodeJS/Blog/blog-site/back-end/src/app/controller/user_controller.js","statementMap":{"0":{"start":{"line":1,"column":12},"end":{"line":1,"column":35}},"1":{"start":{"line":2,"column":15},"end":{"line":2,"column":32}},"2":{"start":{"line":3,"column":19},"end":{"line":3,"column":21}},"3":{"start":{"line":4,"column":17},"end":{"line":4,"column":40}},"4":{"start":{"line":5,"column":23},"end":{"line":5,"column":62}},"5":{"start":{"line":6,"column":19},"end":{"line":6,"column":56}},"6":{"start":{"line":7,"column":22},"end":{"line":7,"column":59}},"7":{"start":{"line":9,"column":23},"end":{"line":20,"column":1}},"8":{"start":{"line":22,"column":25},"end":{"line":22,"column":73}},"9":{"start":{"line":27,"column":4},"end":{"line":51,"column":5}},"10":{"start":{"line":28,"column":37},"end":{"line":28,"column":45}},"11":{"start":{"line":29,"column":25},"end":{"line":29,"column":60}},"12":{"start":{"line":30,"column":6},"end":{"line":30,"column":80}},"13":{"start":{"line":31,"column":19},"end":{"line":34,"column":8}},"14":{"start":{"line":35,"column":6},"end":{"line":44,"column":7}},"15":{"start":{"line":36,"column":22},"end":{"line":39,"column":9}},"16":{"start":{"line":40,"column":8},"end":{"line":40,"column":74}},"17":{"start":{"line":41,"column":37},"end":{"line":41,"column":52}},"18":{"start":{"line":42,"column":22},"end":{"line":42,"column":76}},"19":{"start":{"line":43,"column":8},"end":{"line":43,"column":64}},"20":{"start":{"line":45,"column":6},"end":{"line":45,"column":72}},"21":{"start":{"line":47,"column":6},"end":{"line":47,"column":25}},"22":{"start":{"line":48,"column":6},"end":{"line":50,"column":62}},"23":{"start":{"line":56,"column":4},"end":{"line":66,"column":5}},"24":{"start":{"line":57,"column":19},"end":{"line":57,"column":27}},"25":{"start":{"line":58,"column":6},"end":{"line":58,"column":44}},"26":{"start":{"line":59,"column":6},"end":{"line":59,"column":73}},"27":{"start":{"line":60,"column":19},"end":{"line":60,"column":42}},"28":{"start":{"line":61,"column":6},"end":{"line":61,"column":61}},"29":{"start":{"line":63,"column":6},"end":{"line":65,"column":62}},"30":{"start":{"line":70,"column":4},"end":{"line":70,"column":28}},"31":{"start":{"line":71,"column":4},"end":{"line":71,"column":29}},"32":{"start":{"line":75,"column":0},"end":{"line":75,"column":38}}},"fnMap":{"0":{"name":"(anonymous_0)","decl":{"start":{"line":26,"column":2},"end":{"line":26,"column":3}},"loc":{"start":{"line":26,"column":25},"end":{"line":52,"column":3}},"line":26},"1":{"name":"(anonymous_1)","decl":{"start":{"line":55,"column":2},"end":{"line":55,"column":3}},"loc":{"start":{"line":55,"column":25},"end":{"line":67,"column":3}},"line":55},"2":{"name":"(anonymous_2)","decl":{"start":{"line":69,"column":2},"end":{"line":69,"column":3}},"loc":{"start":{"line":69,"column":17},"end":{"line":72,"column":3}},"line":69}},"branchMap":{"0":{"loc":{"start":{"line":29,"column":25},"end":{"line":29,"column":60}},"type":"cond-expr","locations":[{"start":{"line":29,"column":48},"end":{"line":29,"column":52}},{"start":{"line":29,"column":55},"end":{"line":29,"column":60}}],"line":29},"1":{"loc":{"start":{"line":29,"column":25},"end":{"line":29,"column":45}},"type":"binary-expr","locations":[{"start":{"line":29,"column":25},"end":{"line":29,"column":33}},{"start":{"line":29,"column":37},"end":{"line":29,"column":45}}],"line":29},"2":{"loc":{"start":{"line":35,"column":6},"end":{"line":44,"column":7}},"type":"if","locations":[{"start":{"line":35,"column":6},"end":{"line":44,"column":7}},{"start":{},"end":{}}],"line":35},"3":{"loc":{"start":{"line":35,"column":10},"end":{"line":35,"column":48}},"type":"binary-expr","locations":[{"start":{"line":35,"column":10},"end":{"line":35,"column":14}},{"start":{"line":35,"column":18},"end":{"line":35,"column":48}}],"line":35}},"s":{"0":1,"1":1,"2":1,"3":1,"4":1,"5":1,"6":1,"7":1,"8":1,"9":0,"10":0,"11":0,"12":0,"13":0,"14":0,"15":0,"16":0,"17":0,"18":0,"19":0,"20":0,"21":0,"22":0,"23":0,"24":0,"25":0,"26":0,"27":0,"28":0,"29":0,"30":0,"31":0,"32":1},"f":{"0":0,"1":0,"2":0},"b":{"0":[0,0],"1":[0,0],"2":[0,0],"3":[0,0]},"_coverageSchema":"1a1c01bbd47fc00a2c39e90264f33305004495a9","hash":"4382222cc2516f3049cfd22df5a6b1f298584422"}
,"/mnt/d/Workspace/NodeJS/Blog/blog-site/back-end/src/constans/regex.const.js": {"path":"/mnt/d/Workspace/NodeJS/Blog/blog-site/back-end/src/constans/regex.const.js","statementMap":{"0":{"start":{"line":1,"column":0},"end":{"line":5,"column":2}}},"fnMap":{},"branchMap":{},"s":{"0":1},"f":{},"b":{},"_coverageSchema":"1a1c01bbd47fc00a2c39e90264f33305004495a9","hash":"16dd68e0ab15dff752b09127106344816b9d0315"}
,"/mnt/d/Workspace/NodeJS/Blog/blog-site/back-end/src/constans/users.const.js": {"path":"/mnt/d/Workspace/NodeJS/Blog/blog-site/back-end/src/constans/users.const.js","statementMap":{"0":{"start":{"line":1,"column":0},"end":{"line":46,"column":2}},"1":{"start":{"line":15,"column":4},"end":{"line":18,"column":6}},"2":{"start":{"line":21,"column":4},"end":{"line":24,"column":6}},"3":{"start":{"line":27,"column":4},"end":{"line":30,"column":6}},"4":{"start":{"line":41,"column":4},"end":{"line":44,"column":6}}},"fnMap":{"0":{"name":"(anonymous_0)","decl":{"start":{"line":14,"column":13},"end":{"line":14,"column":14}},"loc":{"start":{"line":14,"column":35},"end":{"line":19,"column":3}},"line":14},"1":{"name":"(anonymous_1)","decl":{"start":{"line":20,"column":18},"end":{"line":20,"column":19}},"loc":{"start":{"line":20,"column":50},"end":{"line":25,"column":3}},"line":20},"2":{"name":"(anonymous_2)","decl":{"start":{"line":26,"column":13},"end":{"line":26,"column":14}},"loc":{"start":{"line":26,"column":35},"end":{"line":31,"column":3}},"line":26},"3":{"name":"(anonymous_3)","decl":{"start":{"line":40,"column":2},"end":{"line":40,"column":3}},"loc":{"start":{"line":40,"column":32},"end":{"line":45,"column":3}},"line":40}},"branchMap":{},"s":{"0":1,"1":0,"2":0,"3":0,"4":0},"f":{"0":0,"1":0,"2":0,"3":0},"b":{},"_coverageSchema":"1a1c01bbd47fc00a2c39e90264f33305004495a9","hash":"c2491e83c09039a3fcc72bf1cd5b6dbaa19a716a"}
,"/mnt/d/Workspace/NodeJS/Blog/blog-site/back-end/src/helpers/users.helper.js": {"path":"/mnt/d/Workspace/NodeJS/Blog/blog-site/back-end/src/helpers/users.helper.js","statementMap":{"0":{"start":{"line":1,"column":17},"end":{"line":1,"column":51}},"1":{"start":{"line":6,"column":4},"end":{"line":6,"column":38}},"2":{"start":{"line":7,"column":17},"end":{"line":7,"column":43}},"3":{"start":{"line":11,"column":4},"end":{"line":11,"column":21}},"4":{"start":{"line":15,"column":4},"end":{"line":15,"column":28}},"5":{"start":{"line":19,"column":4},"end":{"line":19,"column":21}},"6":{"start":{"line":20,"column":4},"end":{"line":23,"column":5}},"7":{"start":{"line":21,"column":6},"end":{"line":21,"column":36}},"8":{"start":{"line":22,"column":6},"end":{"line":22,"column":36}},"9":{"start":{"line":27,"column":4},"end":{"line":27,"column":21}},"10":{"start":{"line":28,"column":4},"end":{"line":28,"column":68}},"11":{"start":{"line":29,"column":4},"end":{"line":29,"column":65}},"12":{"start":{"line":30,"column":4},"end":{"line":30,"column":74}},"13":{"start":{"line":31,"column":4},"end":{"line":31,"column":56}},"14":{"start":{"line":32,"column":4},"end":{"line":36,"column":6}},"15":{"start":{"line":37,"column":4},"end":{"line":37,"column":64}},"16":{"start":{"line":38,"column":4},"end":{"line":40,"column":5}},"17":{"start":{"line":39,"column":6},"end":{"line":39,"column":53}},"18":{"start":{"line":44,"column":19},"end":{"line":44,"column":20}},"19":{"start":{"line":45,"column":19},"end":{"line":45,"column":21}},"20":{"start":{"line":46,"column":17},"end":{"line":46,"column":33}},"21":{"start":{"line":48,"column":6},"end":{"line":55,"column":14}},"22":{"start":{"line":56,"column":4},"end":{"line":63,"column":5}},"23":{"start":{"line":57,"column":6},"end":{"line":62,"column":8}},"24":{"start":{"line":67,"column":19},"end":{"line":67,"column":20}},"25":{"start":{"line":68,"column":19},"end":{"line":68,"column":21}},"26":{"start":{"line":69,"column":21},"end":{"line":69,"column":41}},"27":{"start":{"line":71,"column":6},"end":{"line":79,"column":14}},"28":{"start":{"line":80,"column":4},"end":{"line":88,"column":5}},"29":{"start":{"line":81,"column":19},"end":{"line":84,"column":8}},"30":{"start":{"line":85,"column":6},"end":{"line":87,"column":7}},"31":{"start":{"line":86,"column":8},"end":{"line":86,"column":60}},"32":{"start":{"line":92,"column":18},"end":{"line":92,"column":35}},"33":{"start":{"line":93,"column":20},"end":{"line":96,"column":5}},"34":{"start":{"line":97,"column":4},"end":{"line":99,"column":5}},"35":{"start":{"line":98,"column":6},"end":{"line":98,"column":79}},"36":{"start":{"line":103,"column":19},"end":{"line":103,"column":21}},"37":{"start":{"line":104,"column":19},"end":{"line":104,"column":21}},"38":{"start":{"line":105,"column":24},"end":{"line":105,"column":41}},"39":{"start":{"line":106,"column":28},"end":{"line":109,"column":5}},"40":{"start":{"line":110,"column":23},"end":{"line":114,"column":5}},"41":{"start":{"line":115,"column":4},"end":{"line":122,"column":5}},"42":{"start":{"line":116,"column":6},"end":{"line":121,"column":8}},"43":{"start":{"line":126,"column":19},"end":{"line":126,"column":20}},"44":{"start":{"line":127,"column":19},"end":{"line":127,"column":22}},"45":{"start":{"line":128,"column":20},"end":{"line":128,"column":37}},"46":{"start":{"line":129,"column":20},"end":{"line":132,"column":5}},"47":{"start":{"line":133,"column":4},"end":{"line":140,"column":5}},"48":{"start":{"line":134,"column":6},"end":{"line":139,"column":8}},"49":{"start":{"line":144,"column":22},"end":{"line":144,"column":49}},"50":{"start":{"line":145,"column":4},"end":{"line":147,"column":5}},"51":{"start":{"line":146,"column":6},"end":{"line":146,"column":36}},"52":{"start":{"line":148,"column":4},"end":{"line":148,"column":21}},"53":{"start":{"line":153,"column":6},"end":{"line":153,"column":67}},"54":{"start":{"line":154,"column":4},"end":{"line":156,"column":5}},"55":{"start":{"line":155,"column":6},"end":{"line":155,"column":36}},"56":{"start":{"line":157,"column":4},"end":{"line":157,"column":21}},"57":{"start":{"line":161,"column":22},"end":{"line":161,"column":40}},"58":{"start":{"line":162,"column":4},"end":{"line":164,"column":5}},"59":{"start":{"line":163,"column":6},"end":{"line":163,"column":36}},"60":{"start":{"line":165,"column":4},"end":{"line":165,"column":21}},"61":{"start":{"line":169,"column":0},"end":{"line":169,"column":38}}},"fnMap":{"0":{"name":"(anonymous_0)","decl":{"start":{"line":10,"column":2},"end":{"line":10,"column":3}},"loc":{"start":{"line":10,"column":16},"end":{"line":12,"column":3}},"line":10},"1":{"name":"(anonymous_1)","decl":{"start":{"line":14,"column":2},"end":{"line":14,"column":3}},"loc":{"start":{"line":14,"column":27},"end":{"line":16,"column":3}},"line":14},"2":{"name":"(anonymous_2)","decl":{"start":{"line":18,"column":2},"end":{"line":18,"column":3}},"loc":{"start":{"line":18,"column":35},"end":{"line":24,"column":3}},"line":18},"3":{"name":"(anonymous_3)","decl":{"start":{"line":26,"column":2},"end":{"line":26,"column":3}},"loc":{"start":{"line":26,"column":29},"end":{"line":41,"column":3}},"line":26},"4":{"name":"(anonymous_4)","decl":{"start":{"line":43,"column":2},"end":{"line":43,"column":3}},"loc":{"start":{"line":43,"column":44},"end":{"line":64,"column":3}},"line":43},"5":{"name":"(anonymous_5)","decl":{"start":{"line":66,"column":2},"end":{"line":66,"column":3}},"loc":{"start":{"line":66,"column":58},"end":{"line":89,"column":3}},"line":66},"6":{"name":"(anonymous_6)","decl":{"start":{"line":91,"column":2},"end":{"line":91,"column":3}},"loc":{"start":{"line":91,"column":46},"end":{"line":100,"column":3}},"line":91},"7":{"name":"(anonymous_7)","decl":{"start":{"line":102,"column":2},"end":{"line":102,"column":3}},"loc":{"start":{"line":102,"column":52},"end":{"line":123,"column":3}},"line":102},"8":{"name":"(anonymous_8)","decl":{"start":{"line":125,"column":2},"end":{"line":125,"column":3}},"loc":{"start":{"line":125,"column":48},"end":{"line":141,"column":3}},"line":125},"9":{"name":"(anonymous_9)","decl":{"start":{"line":143,"column":2},"end":{"line":143,"column":3}},"loc":{"start":{"line":143,"column":32},"end":{"line":149,"column":3}},"line":143},"10":{"name":"(anonymous_10)","decl":{"start":{"line":151,"column":2},"end":{"line":151,"column":3}},"loc":{"start":{"line":151,"column":49},"end":{"line":158,"column":3}},"line":151},"11":{"name":"(anonymous_11)","decl":{"start":{"line":160,"column":2},"end":{"line":160,"column":3}},"loc":{"start":{"line":160,"column":39},"end":{"line":166,"column":3}},"line":160}},"branchMap":{"0":{"loc":{"start":{"line":20,"column":4},"end":{"line":23,"column":5}},"type":"if","locations":[{"start":{"line":20,"column":4},"end":{"line":23,"column":5}},{"start":{},"end":{}}],"line":20},"1":{"loc":{"start":{"line":38,"column":4},"end":{"line":40,"column":5}},"type":"if","locations":[{"start":{"line":38,"column":4},"end":{"line":40,"column":5}},{"start":{},"end":{}}],"line":38},"2":{"loc":{"start":{"line":48,"column":6},"end":{"line":55,"column":14}},"type":"cond-expr","locations":[{"start":{"line":54,"column":10},"end":{"line":54,"column":15}},{"start":{"line":55,"column":10},"end":{"line":55,"column":14}}],"line":48},"3":{"loc":{"start":{"line":48,"column":6},"end":{"line":53,"column":7}},"type":"binary-expr","locations":[{"start":{"line":48,"column":6},"end":{"line":48,"column":73}},{"start":{"line":49,"column":6},"end":{"line":53,"column":7}}],"line":48},"4":{"loc":{"start":{"line":56,"column":4},"end":{"line":63,"column":5}},"type":"if","locations":[{"start":{"line":56,"column":4},"end":{"line":63,"column":5}},{"start":{},"end":{}}],"line":56},"5":{"loc":{"start":{"line":71,"column":6},"end":{"line":79,"column":14}},"type":"cond-expr","locations":[{"start":{"line":78,"column":10},"end":{"line":78,"column":15}},{"start":{"line":79,"column":10},"end":{"line":79,"column":14}}],"line":71},"6":{"loc":{"start":{"line":71,"column":6},"end":{"line":77,"column":7}},"type":"binary-expr","locations":[{"start":{"line":71,"column":6},"end":{"line":71,"column":77}},{"start":{"line":72,"column":6},"end":{"line":77,"column":7}}],"line":71},"7":{"loc":{"start":{"line":80,"column":4},"end":{"line":88,"column":5}},"type":"if","locations":[{"start":{"line":80,"column":4},"end":{"line":88,"column":5}},{"start":{},"end":{}}],"line":80},"8":{"loc":{"start":{"line":85,"column":6},"end":{"line":87,"column":7}},"type":"if","locations":[{"start":{"line":85,"column":6},"end":{"line":87,"column":7}},{"start":{},"end":{}}],"line":85},"9":{"loc":{"start":{"line":97,"column":4},"end":{"line":99,"column":5}},"type":"if","locations":[{"start":{"line":97,"column":4},"end":{"line":99,"column":5}},{"start":{},"end":{}}],"line":97},"10":{"loc":{"start":{"line":115,"column":4},"end":{"line":122,"column":5}},"type":"if","locations":[{"start":{"line":115,"column":4},"end":{"line":122,"column":5}},{"start":{},"end":{}}],"line":115},"11":{"loc":{"start":{"line":115,"column":8},"end":{"line":115,"column":37}},"type":"binary-expr","locations":[{"start":{"line":115,"column":8},"end":{"line":115,"column":18}},{"start":{"line":115,"column":22},"end":{"line":115,"column":37}}],"line":115},"12":{"loc":{"start":{"line":133,"column":4},"end":{"line":140,"column":5}},"type":"if","locations":[{"start":{"line":133,"column":4},"end":{"line":140,"column":5}},{"start":{},"end":{}}],"line":133},"13":{"loc":{"start":{"line":144,"column":22},"end":{"line":144,"column":49}},"type":"cond-expr","locations":[{"start":{"line":144,"column":37},"end":{"line":144,"column":42}},{"start":{"line":144,"column":45},"end":{"line":144,"column":49}}],"line":144},"14":{"loc":{"start":{"line":145,"column":4},"end":{"line":147,"column":5}},"type":"if","locations":[{"start":{"line":145,"column":4},"end":{"line":147,"column":5}},{"start":{},"end":{}}],"line":145},"15":{"loc":{"start":{"line":153,"column":6},"end":{"line":153,"column":67}},"type":"cond-expr","locations":[{"start":{"line":153,"column":55},"end":{"line":153,"column":59}},{"start":{"line":153,"column":62},"end":{"line":153,"column":67}}],"line":153},"16":{"loc":{"start":{"line":153,"column":6},"end":{"line":153,"column":52}},"type":"binary-expr","locations":[{"start":{"line":153,"column":6},"end":{"line":153,"column":27}},{"start":{"line":153,"column":31},"end":{"line":153,"column":52}}],"line":153},"17":{"loc":{"start":{"line":154,"column":4},"end":{"line":156,"column":5}},"type":"if","locations":[{"start":{"line":154,"column":4},"end":{"line":156,"column":5}},{"start":{},"end":{}}],"line":154},"18":{"loc":{"start":{"line":162,"column":4},"end":{"line":164,"column":5}},"type":"if","locations":[{"start":{"line":162,"column":4},"end":{"line":164,"column":5}},{"start":{},"end":{}}],"line":162}},"s":{"0":1,"1":1,"2":1,"3":1,"4":0,"5":0,"6":0,"7":0,"8":0,"9":0,"10":0,"11":0,"12":0,"13":0,"14":0,"15":0,"16":0,"17":0,"18":0,"19":0,"20":0,"21":0,"22":0,"23":0,"24":0,"25":0,"26":0,"27":0,"28":0,"29":0,"30":0,"31":0,"32":0,"33":0,"34":0,"35":0,"36":0,"37":0,"38":0,"39":0,"40":0,"41":0,"42":0,"43":0,"44":0,"45":0,"46":0,"47":0,"48":0,"49":0,"50":0,"51":0,"52":0,"53":0,"54":0,"55":0,"56":0,"57":0,"58":0,"59":0,"60":0,"61":1},"f":{"0":1,"1":0,"2":0,"3":0,"4":0,"5":0,"6":0,"7":0,"8":0,"9":0,"10":0,"11":0},"b":{"0":[0,0],"1":[0,0],"2":[0,0],"3":[0,0],"4":[0,0],"5":[0,0],"6":[0,0],"7":[0,0],"8":[0,0],"9":[0,0],"10":[0,0],"11":[0,0],"12":[0,0],"13":[0,0],"14":[0,0],"15":[0,0],"16":[0,0],"17":[0,0],"18":[0,0]},"_coverageSchema":"1a1c01bbd47fc00a2c39e90264f33305004495a9","hash":"a9615ef5ae86193a8a3179b1dd8d57bd7d580412"}
,"/mnt/d/Workspace/NodeJS/Blog/blog-site/back-end/src/models/category.js": {"path":"/mnt/d/Workspace/NodeJS/Blog/blog-site/back-end/src/models/category.js","statementMap":{"0":{"start":{"line":2,"column":18},"end":{"line":2,"column":38}},"1":{"start":{"line":3,"column":0},"end":{"line":25,"column":2}},"2":{"start":{"line":12,"column":6},"end":{"line":12,"column":32}},"3":{"start":{"line":15,"column":2},"end":{"line":23,"column":4}},"4":{"start":{"line":24,"column":2},"end":{"line":24,"column":18}}},"fnMap":{"0":{"name":"(anonymous_0)","decl":{"start":{"line":3,"column":17},"end":{"line":3,"column":18}},"loc":{"start":{"line":3,"column":43},"end":{"line":25,"column":1}},"line":3},"1":{"name":"(anonymous_1)","decl":{"start":{"line":10,"column":4},"end":{"line":10,"column":5}},"loc":{"start":{"line":10,"column":29},"end":{"line":13,"column":5}},"line":10}},"branchMap":{},"s":{"0":1,"1":1,"2":1,"3":1,"4":1},"f":{"0":1,"1":1},"b":{},"_coverageSchema":"1a1c01bbd47fc00a2c39e90264f33305004495a9","hash":"2e52e8b128551de07b7a5d8582bf8c8e113321bd"}
,"/mnt/d/Workspace/NodeJS/Blog/blog-site/back-end/src/models/comment.js": {"path":"/mnt/d/Workspace/NodeJS/Blog/blog-site/back-end/src/models/comment.js","statementMap":{"0":{"start":{"line":2,"column":18},"end":{"line":2,"column":38}},"1":{"start":{"line":3,"column":0},"end":{"line":31,"column":2}},"2":{"start":{"line":12,"column":6},"end":{"line":12,"column":34}},"3":{"start":{"line":13,"column":6},"end":{"line":13,"column":34}},"4":{"start":{"line":14,"column":6},"end":{"line":14,"column":37}},"5":{"start":{"line":15,"column":6},"end":{"line":15,"column":38}},"6":{"start":{"line":18,"column":2},"end":{"line":29,"column":4}},"7":{"start":{"line":30,"column":2},"end":{"line":30,"column":17}}},"fnMap":{"0":{"name":"(anonymous_0)","decl":{"start":{"line":3,"column":17},"end":{"line":3,"column":18}},"loc":{"start":{"line":3,"column":43},"end":{"line":31,"column":1}},"line":3},"1":{"name":"(anonymous_1)","decl":{"start":{"line":10,"column":4},"end":{"line":10,"column":5}},"loc":{"start":{"line":10,"column":29},"end":{"line":16,"column":5}},"line":10}},"branchMap":{},"s":{"0":1,"1":1,"2":1,"3":1,"4":1,"5":1,"6":1,"7":1},"f":{"0":1,"1":1},"b":{},"_coverageSchema":"1a1c01bbd47fc00a2c39e90264f33305004495a9","hash":"ef0f8f3b7362249e448e2d7b7f03fb2fb49a4d57"}
,"/mnt/d/Workspace/NodeJS/Blog/blog-site/back-end/src/models/index.js": {"path":"/mnt/d/Workspace/NodeJS/Blog/blog-site/back-end/src/models/index.js","statementMap":{"0":{"start":{"line":3,"column":11},"end":{"line":3,"column":24}},"1":{"start":{"line":4,"column":13},"end":{"line":4,"column":28}},"2":{"start":{"line":5,"column":18},"end":{"line":5,"column":38}},"3":{"start":{"line":6,"column":16},"end":{"line":6,"column":34}},"4":{"start":{"line":7,"column":17},"end":{"line":7,"column":42}},"5":{"start":{"line":8,"column":12},"end":{"line":8,"column":49}},"6":{"start":{"line":9,"column":15},"end":{"line":9,"column":52}},"7":{"start":{"line":10,"column":11},"end":{"line":10,"column":13}},"8":{"start":{"line":13,"column":0},"end":{"line":22,"column":1}},"9":{"start":{"line":14,"column":2},"end":{"line":14,"column":74}},"10":{"start":{"line":16,"column":2},"end":{"line":21,"column":4}},"11":{"start":{"line":24,"column":0},"end":{"line":36,"column":5}},"12":{"start":{"line":26,"column":4},"end":{"line":28,"column":6}},"13":{"start":{"line":31,"column":18},"end":{"line":34,"column":5}},"14":{"start":{"line":35,"column":4},"end":{"line":35,"column":27}},"15":{"start":{"line":38,"column":0},"end":{"line":42,"column":3}},"16":{"start":{"line":39,"column":2},"end":{"line":41,"column":3}},"17":{"start":{"line":40,"column":4},"end":{"line":40,"column":32}},"18":{"start":{"line":44,"column":0},"end":{"line":44,"column":25}},"19":{"start":{"line":45,"column":0},"end":{"line":45,"column":25}},"20":{"start":{"line":47,"column":0},"end":{"line":47,"column":20}}},"fnMap":{"0":{"name":"(anonymous_0)","decl":{"start":{"line":25,"column":10},"end":{"line":25,"column":11}},"loc":{"start":{"line":25,"column":20},"end":{"line":29,"column":3}},"line":25},"1":{"name":"(anonymous_1)","decl":{"start":{"line":30,"column":11},"end":{"line":30,"column":12}},"loc":{"start":{"line":30,"column":21},"end":{"line":36,"column":3}},"line":30},"2":{"name":"(anonymous_2)","decl":{"start":{"line":38,"column":24},"end":{"line":38,"column":25}},"loc":{"start":{"line":38,"column":39},"end":{"line":42,"column":1}},"line":38}},"branchMap":{"0":{"loc":{"start":{"line":8,"column":12},"end":{"line":8,"column":49}},"type":"binary-expr","locations":[{"start":{"line":8,"column":12},"end":{"line":8,"column":32}},{"start":{"line":8,"column":36},"end":{"line":8,"column":49}}],"line":8},"1":{"loc":{"start":{"line":13,"column":0},"end":{"line":22,"column":1}},"type":"if","locations":[{"start":{"line":13,"column":0},"end":{"line":22,"column":1}},{"start":{"line":15,"column":7},"end":{"line":22,"column":1}}],"line":13},"2":{"loc":{"start":{"line":27,"column":6},"end":{"line":27,"column":78}},"type":"binary-expr","locations":[{"start":{"line":27,"column":6},"end":{"line":27,"column":29}},{"start":{"line":27,"column":33},"end":{"line":27,"column":50}},{"start":{"line":27,"column":54},"end":{"line":27,"column":78}}],"line":27},"3":{"loc":{"start":{"line":39,"column":2},"end":{"line":41,"column":3}},"type":"if","locations":[{"start":{"line":39,"column":2},"end":{"line":41,"column":3}},{"start":{},"end":{}}],"line":39}},"s":{"0":1,"1":1,"2":1,"3":1,"4":1,"5":1,"6":1,"7":1,"8":1,"9":0,"10":1,"11":1,"12":8,"13":7,"14":7,"15":1,"16":7,"17":7,"18":1,"19":1,"20":1},"f":{"0":8,"1":7,"2":7},"b":{"0":[1,0],"1":[0,1],"2":[8,8,7],"3":[7,0]},"_coverageSchema":"1a1c01bbd47fc00a2c39e90264f33305004495a9","hash":"a9fbb7f201b9976241ffd9fb67a2e5dcf5b67917"}
,"/mnt/d/Workspace/NodeJS/Blog/blog-site/back-end/src/models/post.js": {"path":"/mnt/d/Workspace/NodeJS/Blog/blog-site/back-end/src/models/post.js","statementMap":{"0":{"start":{"line":2,"column":18},"end":{"line":2,"column":38}},"1":{"start":{"line":3,"column":0},"end":{"line":32,"column":2}},"2":{"start":{"line":12,"column":6},"end":{"line":12,"column":34}},"3":{"start":{"line":13,"column":6},"end":{"line":13,"column":38}},"4":{"start":{"line":14,"column":6},"end":{"line":14,"column":34}},"5":{"start":{"line":15,"column":6},"end":{"line":15,"column":36}},"6":{"start":{"line":16,"column":6},"end":{"line":16,"column":35}},"7":{"start":{"line":19,"column":2},"end":{"line":30,"column":4}},"8":{"start":{"line":31,"column":2},"end":{"line":31,"column":14}}},"fnMap":{"0":{"name":"(anonymous_0)","decl":{"start":{"line":3,"column":17},"end":{"line":3,"column":18}},"loc":{"start":{"line":3,"column":43},"end":{"line":32,"column":1}},"line":3},"1":{"name":"(anonymous_1)","decl":{"start":{"line":10,"column":4},"end":{"line":10,"column":5}},"loc":{"start":{"line":10,"column":29},"end":{"line":17,"column":5}},"line":10}},"branchMap":{},"s":{"0":1,"1":1,"2":1,"3":1,"4":1,"5":1,"6":1,"7":1,"8":1},"f":{"0":1,"1":1},"b":{},"_coverageSchema":"1a1c01bbd47fc00a2c39e90264f33305004495a9","hash":"f216356b7cf2d1f06b68dfa63953b65368b72bd4"}
,"/mnt/d/Workspace/NodeJS/Blog/blog-site/back-end/src/models/reaction.js": {"path":"/mnt/d/Workspace/NodeJS/Blog/blog-site/back-end/src/models/reaction.js","statementMap":{"0":{"start":{"line":2,"column":18},"end":{"line":2,"column":38}},"1":{"start":{"line":3,"column":0},"end":{"line":28,"column":2}},"2":{"start":{"line":12,"column":6},"end":{"line":12,"column":34}},"3":{"start":{"line":13,"column":6},"end":{"line":13,"column":34}},"4":{"start":{"line":16,"column":2},"end":{"line":26,"column":4}},"5":{"start":{"line":27,"column":2},"end":{"line":27,"column":18}}},"fnMap":{"0":{"name":"(anonymous_0)","decl":{"start":{"line":3,"column":17},"end":{"line":3,"column":18}},"loc":{"start":{"line":3,"column":43},"end":{"line":28,"column":1}},"line":3},"1":{"name":"(anonymous_1)","decl":{"start":{"line":10,"column":4},"end":{"line":10,"column":5}},"loc":{"start":{"line":10,"column":29},"end":{"line":14,"column":5}},"line":10}},"branchMap":{},"s":{"0":1,"1":1,"2":1,"3":1,"4":1,"5":1},"f":{"0":1,"1":1},"b":{},"_coverageSchema":"1a1c01bbd47fc00a2c39e90264f33305004495a9","hash":"e18754a61463ae33b10415b19ff7343ed1daf245"}
,"/mnt/d/Workspace/NodeJS/Blog/blog-site/back-end/src/models/report.js": {"path":"/mnt/d/Workspace/NodeJS/Blog/blog-site/back-end/src/models/report.js","statementMap":{"0":{"start":{"line":2,"column":18},"end":{"line":2,"column":38}},"1":{"start":{"line":3,"column":0},"end":{"line":28,"column":2}},"2":{"start":{"line":12,"column":6},"end":{"line":12,"column":34}},"3":{"start":{"line":13,"column":6},"end":{"line":13,"column":34}},"4":{"start":{"line":16,"column":2},"end":{"line":26,"column":4}},"5":{"start":{"line":27,"column":2},"end":{"line":27,"column":16}}},"fnMap":{"0":{"name":"(anonymous_0)","decl":{"start":{"line":3,"column":17},"end":{"line":3,"column":18}},"loc":{"start":{"line":3,"column":43},"end":{"line":28,"column":1}},"line":3},"1":{"name":"(anonymous_1)","decl":{"start":{"line":10,"column":4},"end":{"line":10,"column":5}},"loc":{"start":{"line":10,"column":29},"end":{"line":14,"column":5}},"line":10}},"branchMap":{},"s":{"0":1,"1":1,"2":1,"3":1,"4":1,"5":1},"f":{"0":1,"1":1},"b":{},"_coverageSchema":"1a1c01bbd47fc00a2c39e90264f33305004495a9","hash":"c2dcf8f1b147d95899ee0ce4f7898b0b227ca1ec"}
,"/mnt/d/Workspace/NodeJS/Blog/blog-site/back-end/src/models/subcomment.js": {"path":"/mnt/d/Workspace/NodeJS/Blog/blog-site/back-end/src/models/subcomment.js","statementMap":{"0":{"start":{"line":2,"column":18},"end":{"line":2,"column":38}},"1":{"start":{"line":3,"column":0},"end":{"line":31,"column":2}},"2":{"start":{"line":12,"column":6},"end":{"line":12,"column":37}},"3":{"start":{"line":13,"column":6},"end":{"line":13,"column":25}},"4":{"start":{"line":14,"column":6},"end":{"line":14,"column":27}},"5":{"start":{"line":17,"column":2},"end":{"line":29,"column":4}},"6":{"start":{"line":30,"column":2},"end":{"line":30,"column":20}}},"fnMap":{"0":{"name":"(anonymous_0)","decl":{"start":{"line":3,"column":17},"end":{"line":3,"column":18}},"loc":{"start":{"line":3,"column":43},"end":{"line":31,"column":1}},"line":3},"1":{"name":"(anonymous_1)","decl":{"start":{"line":10,"column":4},"end":{"line":10,"column":5}},"loc":{"start":{"line":10,"column":29},"end":{"line":15,"column":5}},"line":10}},"branchMap":{},"s":{"0":1,"1":1,"2":1,"3":1,"4":1,"5":1,"6":1},"f":{"0":1,"1":1},"b":{},"_coverageSchema":"1a1c01bbd47fc00a2c39e90264f33305004495a9","hash":"c00f7d22673e99183f00645e9f1884269e0afc50"}
,"/mnt/d/Workspace/NodeJS/Blog/blog-site/back-end/src/models/user.js": {"path":"/mnt/d/Workspace/NodeJS/Blog/blog-site/back-end/src/models/user.js","statementMap":{"0":{"start":{"line":2,"column":18},"end":{"line":2,"column":38}},"1":{"start":{"line":3,"column":0},"end":{"line":56,"column":2}},"2":{"start":{"line":12,"column":6},"end":{"line":12,"column":32}},"3":{"start":{"line":13,"column":6},"end":{"line":13,"column":34}},"4":{"start":{"line":14,"column":6},"end":{"line":14,"column":36}},"5":{"start":{"line":15,"column":6},"end":{"line":15,"column":35}},"6":{"start":{"line":18,"column":2},"end":{"line":54,"column":4}},"7":{"start":{"line":55,"column":2},"end":{"line":55,"column":14}}},"fnMap":{"0":{"name":"(anonymous_0)","decl":{"start":{"line":3,"column":17},"end":{"line":3,"column":18}},"loc":{"start":{"line":3,"column":43},"end":{"line":56,"column":1}},"line":3},"1":{"name":"(anonymous_1)","decl":{"start":{"line":10,"column":4},"end":{"line":10,"column":5}},"loc":{"start":{"line":10,"column":29},"end":{"line":16,"column":5}},"line":10}},"branchMap":{},"s":{"0":1,"1":1,"2":1,"3":1,"4":1,"5":1,"6":1,"7":1},"f":{"0":1,"1":1},"b":{},"_coverageSchema":"1a1c01bbd47fc00a2c39e90264f33305004495a9","hash":"60b08a08bc575b1516d7eaa211bb8168ff84f985"}
,"/mnt/d/Workspace/NodeJS/Blog/blog-site/back-end/src/routes/index.js": {"path":"/mnt/d/Workspace/NodeJS/Blog/blog-site/back-end/src/routes/index.js","statementMap":{"0":{"start":{"line":1,"column":19},"end":{"line":1,"column":43}},"1":{"start":{"line":3,"column":14},"end":{"line":5,"column":1}},"2":{"start":{"line":4,"column":2},"end":{"line":4,"column":32}},"3":{"start":{"line":7,"column":0},"end":{"line":7,"column":23}}},"fnMap":{"0":{"name":"(anonymous_0)","decl":{"start":{"line":3,"column":14},"end":{"line":3,"column":15}},"loc":{"start":{"line":3,"column":23},"end":{"line":5,"column":1}},"line":3}},"branchMap":{},"s":{"0":1,"1":1,"2":1,"3":1},"f":{"0":1},"b":{},"_coverageSchema":"1a1c01bbd47fc00a2c39e90264f33305004495a9","hash":"f336e4e9e7c1dceb3e441342d1afe693717a3eb6"}
,"/mnt/d/Workspace/NodeJS/Blog/blog-site/back-end/src/routes/user.router.js": {"path":"/mnt/d/Workspace/NodeJS/Blog/blog-site/back-end/src/routes/user.router.js","statementMap":{"0":{"start":{"line":1,"column":16},"end":{"line":1,"column":34}},"1":{"start":{"line":2,"column":15},"end":{"line":2,"column":31}},"2":{"start":{"line":4,"column":24},"end":{"line":4,"column":68}},"3":{"start":{"line":6,"column":0},"end":{"line":6,"column":47}},"4":{"start":{"line":7,"column":0},"end":{"line":7,"column":47}},"5":{"start":{"line":8,"column":0},"end":{"line":8,"column":43}},"6":{"start":{"line":10,"column":0},"end":{"line":10,"column":24}}},"fnMap":{},"branchMap":{},"s":{"0":1,"1":1,"2":1,"3":1,"4":1,"5":1,"6":1},"f":{},"b":{},"_coverageSchema":"1a1c01bbd47fc00a2c39e90264f33305004495a9","hash":"b7b8d486a61b6a3bd02b328b06f405178770d577"}
,"/mnt/d/Workspace/NodeJS/Blog/blog-site/back-end/src/services/user.services.js": {"path":"/mnt/d/Workspace/NodeJS/Blog/blog-site/back-end/src/services/user.services.js","statementMap":{"0":{"start":{"line":1,"column":0},"end":{"line":22,"column":2}},"1":{"start":{"line":3,"column":4},"end":{"line":12,"column":5}},"2":{"start":{"line":4,"column":6},"end":{"line":11,"column":8}},"3":{"start":{"line":16,"column":19},"end":{"line":16,"column":21}},"4":{"start":{"line":17,"column":4},"end":{"line":19,"column":7}},"5":{"start":{"line":18,"column":6},"end":{"line":18,"column":29}},"6":{"start":{"line":20,"column":4},"end":{"line":20,"column":18}}},"fnMap":{"0":{"name":"(anonymous_0)","decl":{"start":{"line":2,"column":2},"end":{"line":2,"column":3}},"loc":{"start":{"line":2,"column":43},"end":{"line":13,"column":3}},"line":2},"1":{"name":"(anonymous_1)","decl":{"start":{"line":15,"column":2},"end":{"line":15,"column":3}},"loc":{"start":{"line":15,"column":20},"end":{"line":21,"column":3}},"line":15},"2":{"name":"(anonymous_2)","decl":{"start":{"line":17,"column":25},"end":{"line":17,"column":26}},"loc":{"start":{"line":17,"column":48},"end":{"line":19,"column":5}},"line":17}},"branchMap":{"0":{"loc":{"start":{"line":3,"column":4},"end":{"line":12,"column":5}},"type":"if","locations":[{"start":{"line":3,"column":4},"end":{"line":12,"column":5}},{"start":{},"end":{}}],"line":3}},"s":{"0":1,"1":0,"2":0,"3":0,"4":0,"5":0,"6":0},"f":{"0":0,"1":0,"2":0},"b":{"0":[0,0]},"_coverageSchema":"1a1c01bbd47fc00a2c39e90264f33305004495a9","hash":"0c65f641d0a32c80ee6dcaa8fef627930bb79c8f"}
}
